<?xml version="1.0" encoding="UTF-8"?>
<coverage generated="1599706661631" clover="3.2.0">
  <project timestamp="1599706661632" name="All files">
    <metrics statements="6" coveredstatements="6" conditionals="0" coveredconditionals="0" methods="1" coveredmethods="1" elements="7" coveredelements="7" complexity="0" loc="6" ncloc="6" packages="1" files="2" classes="2"/>
    <file name="cpfValidator.js" path="C:\Code\provi\src\app\validators\cpfValidator.js">
      <metrics statements="5" coveredstatements="5" conditionals="0" coveredconditionals="0" methods="1" coveredmethods="1"/>
      <line num="1" count="1" type="stmt"/>
      <line num="3" count="1" type="stmt"/>
      <line num="4" count="3" type="stmt"/>
      <line num="5" count="3" type="stmt"/>
      <line num="8" count="1" type="stmt"/>
    </file>
    <file name="index.js" path="C:\Code\provi\src\app\validators\index.js">
      <metrics statements="1" coveredstatements="1" conditionals="0" coveredconditionals="0" methods="0" coveredmethods="0"/>
      <line num="1" count="1" type="stmt"/>
    </file>
  </project>
</coverage>
