{"C:\\Code\\provi\\src\\app\\validators\\cpfValidator.js": {"path":"C:\\Code\\provi\\src\\app\\validators\\cpfValidator.js","statementMap":{"0":{"start":{"line":1,"column":12},"end":{"line":1,"column":26}},"1":{"start":{"line":3,"column":22},"end":{"line":6,"column":1}},"2":{"start":{"line":4,"column":2},"end":{"line":4,"column":29}},"3":{"start":{"line":5,"column":2},"end":{"line":5,"column":16}},"4":{"start":{"line":8,"column":0},"end":{"line":8,"column":30}}},"fnMap":{"0":{"name":"(anonymous_0)","decl":{"start":{"line":3,"column":22},"end":{"line":3,"column":23}},"loc":{"start":{"line":3,"column":31},"end":{"line":6,"column":1}},"line":3}},"branchMap":{},"s":{"0":1,"1":1,"2":3,"3":3,"4":1},"f":{"0":3},"b":{},"_coverageSchema":"1a1c01bbd47fc00a2c39e90264f33305004495a9","hash":"1bcb799e6a000956e7a6e8bd03e88526ee78d833"}
,"C:\\Code\\provi\\src\\app\\validators\\index.js": {"path":"C:\\Code\\provi\\src\\app\\validators\\index.js","statementMap":{"0":{"start":{"line":1,"column":0},"end":{"line":3,"column":1}}},"fnMap":{},"branchMap":{},"s":{"0":1},"f":{},"b":{},"_coverageSchema":"1a1c01bbd47fc00a2c39e90264f33305004495a9","hash":"df3800927ee67fbf871b555027c77b41dc2f71ec"}
}
